INFO    | Android emulator version 32.1.12.0 (build_id 9751036) (CL:N/A)
INFO    | Found systemPath /home/astrsm/Android/Sdk/system-images/android-33/google_apis/x86_64/
WARNING | cannot add library /home/astrsm/Android/Sdk/emulator/qemu/linux-x86_64/lib64/vulkan/libvulkan.so: failed
INFO    | Storing crashdata in: /tmp/android-astrsm/emu-crash.db, detection is enabled
INFO    | Duplicate loglines will be removed, if you wish to see each indiviudal line launch with the -log-nofilter flag.
VERBOSE | autoconfig: -skin pixel_3a_xl
VERBOSE | autoconfig: -skindir /home/astrsm/Android/Sdk/skins/
VERBOSE | autoconfig: -kernel /home/astrsm/Android/Sdk/system-images/android-33/google_apis/x86_64//kernel-ranchu
VERBOSE | Target arch = 'x86_64'
VERBOSE | Auto-detect: Kernel image requires new device naming scheme.
VERBOSE | Auto-detect: Kernel does not support YAFFS2 partitions.
VERBOSE | autoconfig: -ramdisk /home/astrsm/Android/Sdk/system-images/android-33/google_apis/x86_64//ramdisk.img
VERBOSE | Using initial system image: /home/astrsm/Android/Sdk/system-images/android-33/google_apis/x86_64//system.img
VERBOSE | Using initial vendor image: /home/astrsm/Android/Sdk/system-images/android-33/google_apis/x86_64//vendor.img
VERBOSE | autoconfig: -data /home/astrsm/.android/avd/Pixel_3a_XL_API_33.avd/userdata-qemu.img
VERBOSE | autoconfig: -initdata /home/astrsm/.android/avd/Pixel_3a_XL_API_33.avd/userdata.img
VERBOSE | autoconfig: -cache /home/astrsm/.android/avd/Pixel_3a_XL_API_33.avd/cache.img
VERBOSE | autoconfig: -sdcard /home/astrsm/.android/avd/Pixel_3a_XL_API_33.avd/sdcard.img
VERBOSE | Increasing RAM size to 2048MB
VERBOSE | VM heap size 192MB is below hardware specified minimum of 512MB,setting it to that value
VERBOSE | System image is read only
VERBOSE | Found 1 DNS servers:
VERBOSE | 	127.0.0.53
VERBOSE | trying to load skin file '/home/astrsm/Android/Sdk/skins//pixel_3a_xl/layout'
VERBOSE | Requested console port 16892: Inferring adb port 16893.
VERBOSE | CPU Acceleration: working
VERBOSE | CPU Acceleration status: KVM (version 12) is installed and usable.
VERBOSE | handleCpuAcceleration: feature check for hvf
VERBOSE | Bluetooth requested by guest
VERBOSE | started modem simulator host server at port: 39887
VERBOSE | GPU emulation enabled using 'host' mode
VERBOSE | Initializing hardware OpenGLES emulation support
VERBOSE | create display 0
VERBOSE | setDisplayPose 0 x 0 y 0 w 1080 h 2160 dpi 0
VERBOSE | Not in test environment. ICD (blank for default): []
VERBOSE | Not in test environment. Using loader: /home/astrsm/Android/Sdk/emulator/qemu/linux-x86_64/lib64/vulkan/libvulkan.so
VERBOSE | Not in test environment. Using loader: /home/astrsm/Android/Sdk/emulator/lib64/vulkan/libvulkan.so
INFO    | added library /home/astrsm/Android/Sdk/emulator/lib64/vulkan/libvulkan.so
VERBOSE | has extension: VK_KHR_device_group_creation
VERBOSE | has extension: VK_KHR_display
VERBOSE | has extension: VK_KHR_external_fence_capabilities
VERBOSE | has extension: VK_KHR_external_memory_capabilities
VERBOSE | has extension: VK_KHR_external_semaphore_capabilities
VERBOSE | has extension: VK_KHR_get_display_properties2
VERBOSE | has extension: VK_KHR_get_physical_device_properties2
VERBOSE | has extension: VK_KHR_get_surface_capabilities2
VERBOSE | has extension: VK_KHR_surface
VERBOSE | has extension: VK_KHR_surface_protected_capabilities
VERBOSE | has extension: VK_KHR_xcb_surface
VERBOSE | has extension: VK_KHR_xlib_surface
VERBOSE | has extension: VK_EXT_acquire_drm_display
VERBOSE | has extension: VK_EXT_acquire_xlib_display
VERBOSE | has extension: VK_EXT_debug_report
VERBOSE | has extension: VK_EXT_direct_mode_display
VERBOSE | has extension: VK_EXT_display_surface_counter
VERBOSE | has extension: VK_EXT_debug_utils
VERBOSE | needed extension: VK_KHR_external_memory_capabilities found: 1
VERBOSE | needed extension: VK_KHR_get_physical_device_properties2 found: 1
VERBOSE | global loader has vkEnumerateInstanceVersion.
VERBOSE | global loader has vkEnumerateInstanceVersion returning >= 1.1.
VERBOSE | Creating instance, asking for version 1.1.0 ...
VERBOSE | Found 2 Vulkan physical devices.
VERBOSE | Considering Vulkan physical device 0: AMD RADV RENOIR
VERBOSE | has extension: VK_KHR_8bit_storage
VERBOSE | has extension: VK_KHR_16bit_storage
VERBOSE | has extension: VK_KHR_bind_memory2
VERBOSE | has extension: VK_KHR_buffer_device_address
VERBOSE | has extension: VK_KHR_copy_commands2
VERBOSE | has extension: VK_KHR_create_renderpass2
VERBOSE | has extension: VK_KHR_dedicated_allocation
VERBOSE | has extension: VK_KHR_deferred_host_operations
VERBOSE | has extension: VK_KHR_depth_stencil_resolve
VERBOSE | has extension: VK_KHR_descriptor_update_template
VERBOSE | has extension: VK_KHR_device_group
VERBOSE | has extension: VK_KHR_draw_indirect_count
VERBOSE | has extension: VK_KHR_driver_properties
VERBOSE | has extension: VK_KHR_dynamic_rendering
VERBOSE | has extension: VK_KHR_external_fence
VERBOSE | has extension: VK_KHR_external_fence_fd
VERBOSE | has extension: VK_KHR_external_memory
VERBOSE | has extension: VK_KHR_external_memory_fd
VERBOSE | has extension: VK_KHR_external_semaphore
VERBOSE | has extension: VK_KHR_external_semaphore_fd
VERBOSE | has extension: VK_KHR_format_feature_flags2
VERBOSE | has extension: VK_KHR_get_memory_requirements2
VERBOSE | has extension: VK_KHR_image_format_list
VERBOSE | has extension: VK_KHR_imageless_framebuffer
VERBOSE | has extension: VK_KHR_incremental_present
VERBOSE | has extension: VK_KHR_maintenance1
VERBOSE | has extension: VK_KHR_maintenance2
VERBOSE | has extension: VK_KHR_maintenance3
VERBOSE | has extension: VK_KHR_maintenance4
VERBOSE | has extension: VK_KHR_multiview
VERBOSE | has extension: VK_KHR_pipeline_executable_properties
VERBOSE | has extension: VK_KHR_push_descriptor
VERBOSE | has extension: VK_KHR_relaxed_block_layout
VERBOSE | has extension: VK_KHR_sampler_mirror_clamp_to_edge
VERBOSE | has extension: VK_KHR_sampler_ycbcr_conversion
VERBOSE | has extension: VK_KHR_separate_depth_stencil_layouts
VERBOSE | has extension: VK_KHR_shader_atomic_int64
VERBOSE | has extension: VK_KHR_shader_clock
VERBOSE | has extension: VK_KHR_shader_draw_parameters
VERBOSE | has extension: VK_KHR_shader_float16_int8
VERBOSE | has extension: VK_KHR_shader_float_controls
VERBOSE | has extension: VK_KHR_shader_integer_dot_product
VERBOSE | has extension: VK_KHR_shader_non_semantic_info
VERBOSE | has extension: VK_KHR_shader_subgroup_extended_types
VERBOSE | has extension: VK_KHR_shader_subgroup_uniform_control_flow
VERBOSE | has extension: VK_KHR_shader_terminate_invocation
VERBOSE | has extension: VK_KHR_spirv_1_4
VERBOSE | has extension: VK_KHR_storage_buffer_storage_class
VERBOSE | has extension: VK_KHR_swapchain
VERBOSE | has extension: VK_KHR_swapchain_mutable_format
VERBOSE | has extension: VK_KHR_synchronization2
VERBOSE | has extension: VK_KHR_timeline_semaphore
VERBOSE | has extension: VK_KHR_uniform_buffer_standard_layout
VERBOSE | has extension: VK_KHR_variable_pointers
VERBOSE | has extension: VK_KHR_vulkan_memory_model
VERBOSE | has extension: VK_KHR_workgroup_memory_explicit_layout
VERBOSE | has extension: VK_KHR_zero_initialize_workgroup_memory
VERBOSE | has extension: VK_EXT_4444_formats
VERBOSE | has extension: VK_EXT_buffer_device_address
VERBOSE | has extension: VK_EXT_calibrated_timestamps
VERBOSE | has extension: VK_EXT_color_write_enable
VERBOSE | has extension: VK_EXT_conditional_rendering
VERBOSE | has extension: VK_EXT_conservative_rasterization
VERBOSE | has extension: VK_EXT_custom_border_color
VERBOSE | has extension: VK_EXT_depth_clip_enable
VERBOSE | has extension: VK_EXT_depth_range_unrestricted
VERBOSE | has extension: VK_EXT_descriptor_indexing
VERBOSE | has extension: VK_EXT_discard_rectangles
VERBOSE | has extension: VK_EXT_display_control
VERBOSE | has extension: VK_EXT_extended_dynamic_state
VERBOSE | has extension: VK_EXT_extended_dynamic_state2
VERBOSE | has extension: VK_EXT_external_memory_dma_buf
VERBOSE | has extension: VK_EXT_external_memory_host
VERBOSE | has extension: VK_EXT_global_priority
VERBOSE | has extension: VK_EXT_global_priority_query
VERBOSE | has extension: VK_EXT_host_query_reset
VERBOSE | has extension: VK_EXT_image_drm_format_modifier
VERBOSE | has extension: VK_EXT_image_robustness
VERBOSE | has extension: VK_EXT_image_view_min_lod
VERBOSE | has extension: VK_EXT_index_type_uint8
VERBOSE | has extension: VK_EXT_inline_uniform_block
VERBOSE | has extension: VK_EXT_line_rasterization
VERBOSE | has extension: VK_EXT_memory_budget
VERBOSE | has extension: VK_EXT_memory_priority
VERBOSE | has extension: VK_EXT_multi_draw
VERBOSE | has extension: VK_EXT_pci_bus_info
VERBOSE | has extension: VK_EXT_physical_device_drm
VERBOSE | has extension: VK_EXT_pipeline_creation_cache_control
VERBOSE | has extension: VK_EXT_pipeline_creation_feedback
VERBOSE | has extension: VK_EXT_primitive_topology_list_restart
VERBOSE | has extension: VK_EXT_private_data
VERBOSE | has extension: VK_EXT_provoking_vertex
VERBOSE | has extension: VK_EXT_queue_family_foreign
VERBOSE | has extension: VK_EXT_robustness2
VERBOSE | has extension: VK_EXT_sample_locations
VERBOSE | has extension: VK_EXT_sampler_filter_minmax
VERBOSE | has extension: VK_EXT_scalar_block_layout
VERBOSE | has extension: VK_EXT_shader_atomic_float
VERBOSE | has extension: VK_EXT_shader_atomic_float2
VERBOSE | has extension: VK_EXT_shader_demote_to_helper_invocation
VERBOSE | has extension: VK_EXT_shader_image_atomic_int64
VERBOSE | has extension: VK_EXT_shader_stencil_export
VERBOSE | has extension: VK_EXT_shader_subgroup_ballot
VERBOSE | has extension: VK_EXT_shader_subgroup_vote
VERBOSE | has extension: VK_EXT_shader_viewport_index_layer
VERBOSE | has extension: VK_EXT_subgroup_size_control
VERBOSE | has extension: VK_EXT_texel_buffer_alignment
VERBOSE | has extension: VK_EXT_transform_feedback
VERBOSE | has extension: VK_EXT_vertex_attribute_divisor
VERBOSE | has extension: VK_EXT_vertex_input_dynamic_state
VERBOSE | has extension: VK_EXT_ycbcr_image_arrays
VERBOSE | has extension: VK_AMD_buffer_marker
VERBOSE | has extension: VK_AMD_device_coherent_memory
VERBOSE | has extension: VK_AMD_draw_indirect_count
VERBOSE | has extension: VK_AMD_gcn_shader
VERBOSE | has extension: VK_AMD_gpu_shader_half_float
VERBOSE | has extension: VK_AMD_gpu_shader_int16
VERBOSE | has extension: VK_AMD_memory_overallocation_behavior
VERBOSE | has extension: VK_AMD_mixed_attachment_samples
VERBOSE | has extension: VK_AMD_shader_ballot
VERBOSE | has extension: VK_AMD_shader_core_properties
VERBOSE | has extension: VK_AMD_shader_core_properties2
VERBOSE | has extension: VK_AMD_shader_explicit_vertex_parameter
VERBOSE | has extension: VK_AMD_shader_fragment_mask
VERBOSE | has extension: VK_AMD_shader_image_load_store_lod
VERBOSE | has extension: VK_AMD_shader_info
VERBOSE | has extension: VK_AMD_shader_trinary_minmax
VERBOSE | has extension: VK_AMD_texture_gather_bias_lod
VERBOSE | has extension: VK_GOOGLE_decorate_string
VERBOSE | has extension: VK_GOOGLE_hlsl_functionality1
VERBOSE | has extension: VK_GOOGLE_user_type
VERBOSE | has extension: VK_NV_compute_shader_derivatives
VERBOSE | has extension: VK_VALVE_mutable_descriptor_type
VERBOSE | needed extension: VK_KHR_dedicated_allocation found: 1
VERBOSE | needed extension: VK_KHR_get_memory_requirements2 found: 1
VERBOSE | needed extension: VK_KHR_external_memory found: 1
VERBOSE | needed extension: VK_KHR_external_memory_fd found: 1
VERBOSE | Graphics queue family index: 0
VERBOSE | Compute queue family index: 0
VERBOSE | Compute queue family index: 1
VERBOSE | Considering Vulkan physical device 1: llvmpipe (LLVM 13.0.1, 256 bits)
VERBOSE | has extension: VK_KHR_8bit_storage
VERBOSE | has extension: VK_KHR_16bit_storage
VERBOSE | has extension: VK_KHR_bind_memory2
VERBOSE | has extension: VK_KHR_buffer_device_address
VERBOSE | has extension: VK_KHR_copy_commands2
VERBOSE | has extension: VK_KHR_create_renderpass2
VERBOSE | has extension: VK_KHR_dedicated_allocation
VERBOSE | has extension: VK_KHR_depth_stencil_resolve
VERBOSE | has extension: VK_KHR_descriptor_update_template
VERBOSE | has extension: VK_KHR_device_group
VERBOSE | has extension: VK_KHR_draw_indirect_count
VERBOSE | has extension: VK_KHR_driver_properties
VERBOSE | has extension: VK_KHR_dynamic_rendering
VERBOSE | has extension: VK_KHR_external_fence
VERBOSE | has extension: VK_KHR_external_memory
VERBOSE | has extension: VK_KHR_external_memory_fd
VERBOSE | has extension: VK_KHR_external_semaphore
VERBOSE | has extension: VK_KHR_get_memory_requirements2
VERBOSE | has extension: VK_KHR_image_format_list
VERBOSE | has extension: VK_KHR_imageless_framebuffer
VERBOSE | has extension: VK_KHR_incremental_present
VERBOSE | has extension: VK_KHR_maintenance1
VERBOSE | has extension: VK_KHR_maintenance2
VERBOSE | has extension: VK_KHR_maintenance3
VERBOSE | has extension: VK_KHR_multiview
VERBOSE | has extension: VK_KHR_push_descriptor
VERBOSE | has extension: VK_KHR_relaxed_block_layout
VERBOSE | has extension: VK_KHR_sampler_mirror_clamp_to_edge
VERBOSE | has extension: VK_KHR_separate_depth_stencil_layouts
VERBOSE | has extension: VK_KHR_shader_atomic_int64
VERBOSE | has extension: VK_KHR_shader_draw_parameters
VERBOSE | has extension: VK_KHR_shader_float16_int8
VERBOSE | has extension: VK_KHR_shader_float_controls
VERBOSE | has extension: VK_KHR_shader_subgroup_extended_types
VERBOSE | has extension: VK_KHR_spirv_1_4
VERBOSE | has extension: VK_KHR_storage_buffer_storage_class
VERBOSE | has extension: VK_KHR_swapchain
VERBOSE | has extension: VK_KHR_timeline_semaphore
VERBOSE | has extension: VK_KHR_uniform_buffer_standard_layout
VERBOSE | has extension: VK_KHR_variable_pointers
VERBOSE | has extension: VK_EXT_4444_formats
VERBOSE | has extension: VK_EXT_calibrated_timestamps
VERBOSE | has extension: VK_EXT_color_write_enable
VERBOSE | has extension: VK_EXT_conditional_rendering
VERBOSE | has extension: VK_EXT_custom_border_color
VERBOSE | has extension: VK_EXT_depth_clip_enable
VERBOSE | has extension: VK_EXT_extended_dynamic_state
VERBOSE | has extension: VK_EXT_extended_dynamic_state2
VERBOSE | has extension: VK_EXT_external_memory_host
VERBOSE | has extension: VK_EXT_host_query_reset
VERBOSE | has extension: VK_EXT_index_type_uint8
VERBOSE | has extension: VK_EXT_line_rasterization
VERBOSE | has extension: VK_EXT_multi_draw
VERBOSE | has extension: VK_EXT_post_depth_coverage
VERBOSE | has extension: VK_EXT_primitive_topology_list_restart
VERBOSE | has extension: VK_EXT_private_data
VERBOSE | has extension: VK_EXT_provoking_vertex
VERBOSE | has extension: VK_EXT_sampler_filter_minmax
VERBOSE | has extension: VK_EXT_scalar_block_layout
VERBOSE | has extension: VK_EXT_separate_stencil_usage
VERBOSE | has extension: VK_EXT_shader_stencil_export
VERBOSE | has extension: VK_EXT_shader_viewport_index_layer
VERBOSE | has extension: VK_EXT_transform_feedback
VERBOSE | has extension: VK_EXT_vertex_attribute_divisor
VERBOSE | has extension: VK_EXT_vertex_input_dynamic_state
VERBOSE | has extension: VK_GOOGLE_decorate_string
VERBOSE | has extension: VK_GOOGLE_hlsl_functionality1
VERBOSE | needed extension: VK_KHR_dedicated_allocation found: 1
VERBOSE | needed extension: VK_KHR_get_memory_requirements2 found: 1
VERBOSE | needed extension: VK_KHR_external_memory found: 1
VERBOSE | needed extension: VK_KHR_external_memory_fd found: 1
VERBOSE | Graphics queue family index: 0
VERBOSE | Compute queue family index: 0
VERBOSE | Supported: VK_FORMAT_R8G8B8A8_UNORM VK_IMAGE_TYPE_2D VK_IMAGE_TILING_LINEAR VK_IMAGE_USAGE_COLOR_ATTACHMENT_BIT supportsExternalMemory? 1 requiresDedicated? 0
VERBOSE | Supported: VK_FORMAT_R8G8B8A8_UNORM VK_IMAGE_TYPE_2D VK_IMAGE_TILING_LINEAR VK_IMAGE_USAGE_INPUT_ATTACHMENT_BIT supportsExternalMemory? 1 requiresDedicated? 0
VERBOSE | Supported: VK_FORMAT_R8G8B8A8_UNORM VK_IMAGE_TYPE_2D VK_IMAGE_TILING_LINEAR VK_IMAGE_USAGE_SAMPLED_BIT supportsExternalMemory? 1 requiresDedicated? 0
VERBOSE | Supported: VK_FORMAT_R8G8B8A8_UNORM VK_IMAGE_TYPE_2D VK_IMAGE_TILING_LINEAR VK_IMAGE_USAGE_TRANSFER_SRC_BIT supportsExternalMemory? 1 requiresDedicated? 0
VERBOSE | Supported: VK_FORMAT_R8G8B8A8_UNORM VK_IMAGE_TYPE_2D VK_IMAGE_TILING_LINEAR VK_IMAGE_USAGE_TRANSFER_DST_BIT supportsExternalMemory? 1 requiresDedicated? 0
VERBOSE | Supported: VK_FORMAT_R8G8B8A8_UNORM VK_IMAGE_TYPE_2D VK_IMAGE_TILING_OPTIMAL VK_IMAGE_USAGE_COLOR_ATTACHMENT_BIT supportsExternalMemory? 1 requiresDedicated? 1
VERBOSE | Supported: VK_FORMAT_R8G8B8A8_UNORM VK_IMAGE_TYPE_2D VK_IMAGE_TILING_OPTIMAL VK_IMAGE_USAGE_INPUT_ATTACHMENT_BIT supportsExternalMemory? 1 requiresDedicated? 1
VERBOSE | Supported: VK_FORMAT_R8G8B8A8_UNORM VK_IMAGE_TYPE_2D VK_IMAGE_TILING_OPTIMAL VK_IMAGE_USAGE_SAMPLED_BIT supportsExternalMemory? 1 requiresDedicated? 1
VERBOSE | Supported: VK_FORMAT_R8G8B8A8_UNORM VK_IMAGE_TYPE_2D VK_IMAGE_TILING_OPTIMAL VK_IMAGE_USAGE_TRANSFER_SRC_BIT supportsExternalMemory? 1 requiresDedicated? 1
VERBOSE | Supported: VK_FORMAT_R8G8B8A8_UNORM VK_IMAGE_TYPE_2D VK_IMAGE_TILING_OPTIMAL VK_IMAGE_USAGE_TRANSFER_DST_BIT supportsExternalMemory? 1 requiresDedicated? 1
VERBOSE | Supported: VK_FORMAT_R5G6B5_UNORM_PACK16 VK_IMAGE_TYPE_2D VK_IMAGE_TILING_LINEAR VK_IMAGE_USAGE_COLOR_ATTACHMENT_BIT supportsExternalMemory? 1 requiresDedicated? 0
VERBOSE | Supported: VK_FORMAT_R5G6B5_UNORM_PACK16 VK_IMAGE_TYPE_2D VK_IMAGE_TILING_LINEAR VK_IMAGE_USAGE_INPUT_ATTACHMENT_BIT supportsExternalMemory? 1 requiresDedicated? 0
VERBOSE | Supported: VK_FORMAT_R5G6B5_UNORM_PACK16 VK_IMAGE_TYPE_2D VK_IMAGE_TILING_LINEAR VK_IMAGE_USAGE_SAMPLED_BIT supportsExternalMemory? 1 requiresDedicated? 0
VERBOSE | Supported: VK_FORMAT_R5G6B5_UNORM_PACK16 VK_IMAGE_TYPE_2D VK_IMAGE_TILING_LINEAR VK_IMAGE_USAGE_TRANSFER_SRC_BIT supportsExternalMemory? 1 requiresDedicated? 0
VERBOSE | Supported: VK_FORMAT_R5G6B5_UNORM_PACK16 VK_IMAGE_TYPE_2D VK_IMAGE_TILING_LINEAR VK_IMAGE_USAGE_TRANSFER_DST_BIT supportsExternalMemory? 1 requiresDedicated? 0
VERBOSE | Supported: VK_FORMAT_R5G6B5_UNORM_PACK16 VK_IMAGE_TYPE_2D VK_IMAGE_TILING_OPTIMAL VK_IMAGE_USAGE_COLOR_ATTACHMENT_BIT supportsExternalMemory? 1 requiresDedicated? 1
VERBOSE | Supported: VK_FORMAT_R5G6B5_UNORM_PACK16 VK_IMAGE_TYPE_2D VK_IMAGE_TILING_OPTIMAL VK_IMAGE_USAGE_INPUT_ATTACHMENT_BIT supportsExternalMemory? 1 requiresDedicated? 1
VERBOSE | Supported: VK_FORMAT_R5G6B5_UNORM_PACK16 VK_IMAGE_TYPE_2D VK_IMAGE_TILING_OPTIMAL VK_IMAGE_USAGE_SAMPLED_BIT supportsExternalMemory? 1 requiresDedicated? 1
VERBOSE | Supported: VK_FORMAT_R5G6B5_UNORM_PACK16 VK_IMAGE_TYPE_2D VK_IMAGE_TILING_OPTIMAL VK_IMAGE_USAGE_TRANSFER_SRC_BIT supportsExternalMemory? 1 requiresDedicated? 1
VERBOSE | Supported: VK_FORMAT_R5G6B5_UNORM_PACK16 VK_IMAGE_TYPE_2D VK_IMAGE_TILING_OPTIMAL VK_IMAGE_USAGE_TRANSFER_DST_BIT supportsExternalMemory? 1 requiresDedicated? 1
VERBOSE | Supported: VK_FORMAT_R16G16B16A16_SFLOAT VK_IMAGE_TYPE_2D VK_IMAGE_TILING_LINEAR VK_IMAGE_USAGE_COLOR_ATTACHMENT_BIT supportsExternalMemory? 1 requiresDedicated? 0
VERBOSE | Supported: VK_FORMAT_R16G16B16A16_SFLOAT VK_IMAGE_TYPE_2D VK_IMAGE_TILING_LINEAR VK_IMAGE_USAGE_INPUT_ATTACHMENT_BIT supportsExternalMemory? 1 requiresDedicated? 0
VERBOSE | Supported: VK_FORMAT_R16G16B16A16_SFLOAT VK_IMAGE_TYPE_2D VK_IMAGE_TILING_LINEAR VK_IMAGE_USAGE_SAMPLED_BIT supportsExternalMemory? 1 requiresDedicated? 0
VERBOSE | Supported: VK_FORMAT_R16G16B16A16_SFLOAT VK_IMAGE_TYPE_2D VK_IMAGE_TILING_LINEAR VK_IMAGE_USAGE_TRANSFER_SRC_BIT supportsExternalMemory? 1 requiresDedicated? 0
VERBOSE | Supported: VK_FORMAT_R16G16B16A16_SFLOAT VK_IMAGE_TYPE_2D VK_IMAGE_TILING_LINEAR VK_IMAGE_USAGE_TRANSFER_DST_BIT supportsExternalMemory? 1 requiresDedicated? 0
VERBOSE | Supported: VK_FORMAT_R16G16B16A16_SFLOAT VK_IMAGE_TYPE_2D VK_IMAGE_TILING_OPTIMAL VK_IMAGE_USAGE_COLOR_ATTACHMENT_BIT supportsExternalMemory? 1 requiresDedicated? 1
VERBOSE | Supported: VK_FORMAT_R16G16B16A16_SFLOAT VK_IMAGE_TYPE_2D VK_IMAGE_TILING_OPTIMAL VK_IMAGE_USAGE_INPUT_ATTACHMENT_BIT supportsExternalMemory? 1 requiresDedicated? 1
VERBOSE | Supported: VK_FORMAT_R16G16B16A16_SFLOAT VK_IMAGE_TYPE_2D VK_IMAGE_TILING_OPTIMAL VK_IMAGE_USAGE_SAMPLED_BIT supportsExternalMemory? 1 requiresDedicated? 1
VERBOSE | Supported: VK_FORMAT_R16G16B16A16_SFLOAT VK_IMAGE_TYPE_2D VK_IMAGE_TILING_OPTIMAL VK_IMAGE_USAGE_TRANSFER_SRC_BIT supportsExternalMemory? 1 requiresDedicated? 1
VERBOSE | Supported: VK_FORMAT_R16G16B16A16_SFLOAT VK_IMAGE_TYPE_2D VK_IMAGE_TILING_OPTIMAL VK_IMAGE_USAGE_TRANSFER_DST_BIT supportsExternalMemory? 1 requiresDedicated? 1
VERBOSE | Supported: VK_FORMAT_B8G8R8A8_UNORM VK_IMAGE_TYPE_2D VK_IMAGE_TILING_LINEAR VK_IMAGE_USAGE_COLOR_ATTACHMENT_BIT supportsExternalMemory? 1 requiresDedicated? 0
VERBOSE | Supported: VK_FORMAT_B8G8R8A8_UNORM VK_IMAGE_TYPE_2D VK_IMAGE_TILING_LINEAR VK_IMAGE_USAGE_INPUT_ATTACHMENT_BIT supportsExternalMemory? 1 requiresDedicated? 0
VERBOSE | Supported: VK_FORMAT_B8G8R8A8_UNORM VK_IMAGE_TYPE_2D VK_IMAGE_TILING_LINEAR VK_IMAGE_USAGE_SAMPLED_BIT supportsExternalMemory? 1 requiresDedicated? 0
VERBOSE | Supported: VK_FORMAT_B8G8R8A8_UNORM VK_IMAGE_TYPE_2D VK_IMAGE_TILING_LINEAR VK_IMAGE_USAGE_TRANSFER_SRC_BIT supportsExternalMemory? 1 requiresDedicated? 0
VERBOSE | Supported: VK_FORMAT_B8G8R8A8_UNORM VK_IMAGE_TYPE_2D VK_IMAGE_TILING_LINEAR VK_IMAGE_USAGE_TRANSFER_DST_BIT supportsExternalMemory? 1 requiresDedicated? 0
VERBOSE | Supported: VK_FORMAT_B8G8R8A8_UNORM VK_IMAGE_TYPE_2D VK_IMAGE_TILING_OPTIMAL VK_IMAGE_USAGE_COLOR_ATTACHMENT_BIT supportsExternalMemory? 1 requiresDedicated? 1
VERBOSE | Supported: VK_FORMAT_B8G8R8A8_UNORM VK_IMAGE_TYPE_2D VK_IMAGE_TILING_OPTIMAL VK_IMAGE_USAGE_INPUT_ATTACHMENT_BIT supportsExternalMemory? 1 requiresDedicated? 1
VERBOSE | Supported: VK_FORMAT_B8G8R8A8_UNORM VK_IMAGE_TYPE_2D VK_IMAGE_TILING_OPTIMAL VK_IMAGE_USAGE_SAMPLED_BIT supportsExternalMemory? 1 requiresDedicated? 1
VERBOSE | Supported: VK_FORMAT_B8G8R8A8_UNORM VK_IMAGE_TYPE_2D VK_IMAGE_TILING_OPTIMAL VK_IMAGE_USAGE_TRANSFER_SRC_BIT supportsExternalMemory? 1 requiresDedicated? 1
VERBOSE | Supported: VK_FORMAT_B8G8R8A8_UNORM VK_IMAGE_TYPE_2D VK_IMAGE_TILING_OPTIMAL VK_IMAGE_USAGE_TRANSFER_DST_BIT supportsExternalMemory? 1 requiresDedicated? 1
VERBOSE | Supported: VK_FORMAT_R8_UNORM VK_IMAGE_TYPE_2D VK_IMAGE_TILING_LINEAR VK_IMAGE_USAGE_COLOR_ATTACHMENT_BIT supportsExternalMemory? 1 requiresDedicated? 0
VERBOSE | Supported: VK_FORMAT_R8_UNORM VK_IMAGE_TYPE_2D VK_IMAGE_TILING_LINEAR VK_IMAGE_USAGE_INPUT_ATTACHMENT_BIT supportsExternalMemory? 1 requiresDedicated? 0
VERBOSE | Supported: VK_FORMAT_R8_UNORM VK_IMAGE_TYPE_2D VK_IMAGE_TILING_LINEAR VK_IMAGE_USAGE_SAMPLED_BIT supportsExternalMemory? 1 requiresDedicated? 0
VERBOSE | Supported: VK_FORMAT_R8_UNORM VK_IMAGE_TYPE_2D VK_IMAGE_TILING_LINEAR VK_IMAGE_USAGE_TRANSFER_SRC_BIT supportsExternalMemory? 1 requiresDedicated? 0
VERBOSE | Supported: VK_FORMAT_R8_UNORM VK_IMAGE_TYPE_2D VK_IMAGE_TILING_LINEAR VK_IMAGE_USAGE_TRANSFER_DST_BIT supportsExternalMemory? 1 requiresDedicated? 0
VERBOSE | Supported: VK_FORMAT_R8_UNORM VK_IMAGE_TYPE_2D VK_IMAGE_TILING_OPTIMAL VK_IMAGE_USAGE_COLOR_ATTACHMENT_BIT supportsExternalMemory? 1 requiresDedicated? 1
VERBOSE | Supported: VK_FORMAT_R8_UNORM VK_IMAGE_TYPE_2D VK_IMAGE_TILING_OPTIMAL VK_IMAGE_USAGE_INPUT_ATTACHMENT_BIT supportsExternalMemory? 1 requiresDedicated? 1
VERBOSE | Supported: VK_FORMAT_R8_UNORM VK_IMAGE_TYPE_2D VK_IMAGE_TILING_OPTIMAL VK_IMAGE_USAGE_SAMPLED_BIT supportsExternalMemory? 1 requiresDedicated? 1
VERBOSE | Supported: VK_FORMAT_R8_UNORM VK_IMAGE_TYPE_2D VK_IMAGE_TILING_OPTIMAL VK_IMAGE_USAGE_TRANSFER_SRC_BIT supportsExternalMemory? 1 requiresDedicated? 1
VERBOSE | Supported: VK_FORMAT_R8_UNORM VK_IMAGE_TYPE_2D VK_IMAGE_TILING_OPTIMAL VK_IMAGE_USAGE_TRANSFER_DST_BIT supportsExternalMemory? 1 requiresDedicated? 1
VERBOSE | Supported: VK_FORMAT_A2R10G10B10_UINT_PACK32 VK_IMAGE_TYPE_2D VK_IMAGE_TILING_LINEAR VK_IMAGE_USAGE_COLOR_ATTACHMENT_BIT supportsExternalMemory? 1 requiresDedicated? 0
VERBOSE | Supported: VK_FORMAT_A2R10G10B10_UINT_PACK32 VK_IMAGE_TYPE_2D VK_IMAGE_TILING_LINEAR VK_IMAGE_USAGE_INPUT_ATTACHMENT_BIT supportsExternalMemory? 1 requiresDedicated? 0
VERBOSE | Supported: VK_FORMAT_A2R10G10B10_UINT_PACK32 VK_IMAGE_TYPE_2D VK_IMAGE_TILING_LINEAR VK_IMAGE_USAGE_SAMPLED_BIT supportsExternalMemory? 1 requiresDedicated? 0
VERBOSE | Supported: VK_FORMAT_A2R10G10B10_UINT_PACK32 VK_IMAGE_TYPE_2D VK_IMAGE_TILING_LINEAR VK_IMAGE_USAGE_TRANSFER_SRC_BIT supportsExternalMemory? 1 requiresDedicated? 0
VERBOSE | Supported: VK_FORMAT_A2R10G10B10_UINT_PACK32 VK_IMAGE_TYPE_2D VK_IMAGE_TILING_LINEAR VK_IMAGE_USAGE_TRANSFER_DST_BIT supportsExternalMemory? 1 requiresDedicated? 0
VERBOSE | Supported: VK_FORMAT_A2R10G10B10_UINT_PACK32 VK_IMAGE_TYPE_2D VK_IMAGE_TILING_OPTIMAL VK_IMAGE_USAGE_COLOR_ATTACHMENT_BIT supportsExternalMemory? 1 requiresDedicated? 1
VERBOSE | Supported: VK_FORMAT_A2R10G10B10_UINT_PACK32 VK_IMAGE_TYPE_2D VK_IMAGE_TILING_OPTIMAL VK_IMAGE_USAGE_INPUT_ATTACHMENT_BIT supportsExternalMemory? 1 requiresDedicated? 1
VERBOSE | Supported: VK_FORMAT_A2R10G10B10_UINT_PACK32 VK_IMAGE_TYPE_2D VK_IMAGE_TILING_OPTIMAL VK_IMAGE_USAGE_SAMPLED_BIT supportsExternalMemory? 1 requiresDedicated? 1
VERBOSE | Supported: VK_FORMAT_A2R10G10B10_UINT_PACK32 VK_IMAGE_TYPE_2D VK_IMAGE_TILING_OPTIMAL VK_IMAGE_USAGE_TRANSFER_SRC_BIT supportsExternalMemory? 1 requiresDedicated? 1
VERBOSE | Supported: VK_FORMAT_A2R10G10B10_UINT_PACK32 VK_IMAGE_TYPE_2D VK_IMAGE_TILING_OPTIMAL VK_IMAGE_USAGE_TRANSFER_DST_BIT supportsExternalMemory? 1 requiresDedicated? 1
VERBOSE | Supported: VK_FORMAT_A2R10G10B10_UNORM_PACK32 VK_IMAGE_TYPE_2D VK_IMAGE_TILING_LINEAR VK_IMAGE_USAGE_COLOR_ATTACHMENT_BIT supportsExternalMemory? 1 requiresDedicated? 0
VERBOSE | Supported: VK_FORMAT_A2R10G10B10_UNORM_PACK32 VK_IMAGE_TYPE_2D VK_IMAGE_TILING_LINEAR VK_IMAGE_USAGE_INPUT_ATTACHMENT_BIT supportsExternalMemory? 1 requiresDedicated? 0
VERBOSE | Supported: VK_FORMAT_A2R10G10B10_UNORM_PACK32 VK_IMAGE_TYPE_2D VK_IMAGE_TILING_LINEAR VK_IMAGE_USAGE_SAMPLED_BIT supportsExternalMemory? 1 requiresDedicated? 0
VERBOSE | Supported: VK_FORMAT_A2R10G10B10_UNORM_PACK32 VK_IMAGE_TYPE_2D VK_IMAGE_TILING_LINEAR VK_IMAGE_USAGE_TRANSFER_SRC_BIT supportsExternalMemory? 1 requiresDedicated? 0
VERBOSE | Supported: VK_FORMAT_A2R10G10B10_UNORM_PACK32 VK_IMAGE_TYPE_2D VK_IMAGE_TILING_LINEAR VK_IMAGE_USAGE_TRANSFER_DST_BIT supportsExternalMemory? 1 requiresDedicated? 0
VERBOSE | Supported: VK_FORMAT_A2R10G10B10_UNORM_PACK32 VK_IMAGE_TYPE_2D VK_IMAGE_TILING_OPTIMAL VK_IMAGE_USAGE_COLOR_ATTACHMENT_BIT supportsExternalMemory? 1 requiresDedicated? 1
VERBOSE | Supported: VK_FORMAT_A2R10G10B10_UNORM_PACK32 VK_IMAGE_TYPE_2D VK_IMAGE_TILING_OPTIMAL VK_IMAGE_USAGE_INPUT_ATTACHMENT_BIT supportsExternalMemory? 1 requiresDedicated? 1
VERBOSE | Supported: VK_FORMAT_A2R10G10B10_UNORM_PACK32 VK_IMAGE_TYPE_2D VK_IMAGE_TILING_OPTIMAL VK_IMAGE_USAGE_SAMPLED_BIT supportsExternalMemory? 1 requiresDedicated? 1
VERBOSE | Supported: VK_FORMAT_A2R10G10B10_UNORM_PACK32 VK_IMAGE_TYPE_2D VK_IMAGE_TILING_OPTIMAL VK_IMAGE_USAGE_TRANSFER_SRC_BIT supportsExternalMemory? 1 requiresDedicated? 1
VERBOSE | Supported: VK_FORMAT_A2R10G10B10_UNORM_PACK32 VK_IMAGE_TYPE_2D VK_IMAGE_TILING_OPTIMAL VK_IMAGE_USAGE_TRANSFER_DST_BIT supportsExternalMemory? 1 requiresDedicated? 1
VERBOSE | Supported: VK_FORMAT_A2B10G10R10_UNORM_PACK32 VK_IMAGE_TYPE_2D VK_IMAGE_TILING_LINEAR VK_IMAGE_USAGE_COLOR_ATTACHMENT_BIT supportsExternalMemory? 1 requiresDedicated? 0
VERBOSE | Supported: VK_FORMAT_A2B10G10R10_UNORM_PACK32 VK_IMAGE_TYPE_2D VK_IMAGE_TILING_LINEAR VK_IMAGE_USAGE_INPUT_ATTACHMENT_BIT supportsExternalMemory? 1 requiresDedicated? 0
VERBOSE | Supported: VK_FORMAT_A2B10G10R10_UNORM_PACK32 VK_IMAGE_TYPE_2D VK_IMAGE_TILING_LINEAR VK_IMAGE_USAGE_SAMPLED_BIT supportsExternalMemory? 1 requiresDedicated? 0
VERBOSE | Supported: VK_FORMAT_A2B10G10R10_UNORM_PACK32 VK_IMAGE_TYPE_2D VK_IMAGE_TILING_LINEAR VK_IMAGE_USAGE_TRANSFER_SRC_BIT supportsExternalMemory? 1 requiresDedicated? 0
VERBOSE | Supported: VK_FORMAT_A2B10G10R10_UNORM_PACK32 VK_IMAGE_TYPE_2D VK_IMAGE_TILING_LINEAR VK_IMAGE_USAGE_TRANSFER_DST_BIT supportsExternalMemory? 1 requiresDedicated? 0
VERBOSE | Supported: VK_FORMAT_A2B10G10R10_UNORM_PACK32 VK_IMAGE_TYPE_2D VK_IMAGE_TILING_OPTIMAL VK_IMAGE_USAGE_COLOR_ATTACHMENT_BIT supportsExternalMemory? 1 requiresDedicated? 1
VERBOSE | Supported: VK_FORMAT_A2B10G10R10_UNORM_PACK32 VK_IMAGE_TYPE_2D VK_IMAGE_TILING_OPTIMAL VK_IMAGE_USAGE_INPUT_ATTACHMENT_BIT supportsExternalMemory? 1 requiresDedicated? 1
VERBOSE | Supported: VK_FORMAT_A2B10G10R10_UNORM_PACK32 VK_IMAGE_TYPE_2D VK_IMAGE_TILING_OPTIMAL VK_IMAGE_USAGE_SAMPLED_BIT supportsExternalMemory? 1 requiresDedicated? 1
VERBOSE | Supported: VK_FORMAT_A2B10G10R10_UNORM_PACK32 VK_IMAGE_TYPE_2D VK_IMAGE_TILING_OPTIMAL VK_IMAGE_USAGE_TRANSFER_SRC_BIT supportsExternalMemory? 1 requiresDedicated? 1
VERBOSE | Supported: VK_FORMAT_A2B10G10R10_UNORM_PACK32 VK_IMAGE_TYPE_2D VK_IMAGE_TILING_OPTIMAL VK_IMAGE_USAGE_TRANSFER_DST_BIT supportsExternalMemory? 1 requiresDedicated? 1
VERBOSE | Supported: VK_FORMAT_G8_B8R8_2PLANE_420_UNORM VK_IMAGE_TYPE_2D VK_IMAGE_TILING_LINEAR VK_IMAGE_USAGE_SAMPLED_BIT supportsExternalMemory? 1 requiresDedicated? 0
VERBOSE | Supported: VK_FORMAT_G8_B8R8_2PLANE_420_UNORM VK_IMAGE_TYPE_2D VK_IMAGE_TILING_LINEAR VK_IMAGE_USAGE_TRANSFER_SRC_BIT supportsExternalMemory? 1 requiresDedicated? 0
VERBOSE | Supported: VK_FORMAT_G8_B8R8_2PLANE_420_UNORM VK_IMAGE_TYPE_2D VK_IMAGE_TILING_LINEAR VK_IMAGE_USAGE_TRANSFER_DST_BIT supportsExternalMemory? 1 requiresDedicated? 0
VERBOSE | Supported: VK_FORMAT_G8_B8R8_2PLANE_420_UNORM VK_IMAGE_TYPE_2D VK_IMAGE_TILING_OPTIMAL VK_IMAGE_USAGE_SAMPLED_BIT supportsExternalMemory? 1 requiresDedicated? 1
VERBOSE | Supported: VK_FORMAT_G8_B8R8_2PLANE_420_UNORM VK_IMAGE_TYPE_2D VK_IMAGE_TILING_OPTIMAL VK_IMAGE_USAGE_TRANSFER_SRC_BIT supportsExternalMemory? 1 requiresDedicated? 1
VERBOSE | Supported: VK_FORMAT_G8_B8R8_2PLANE_420_UNORM VK_IMAGE_TYPE_2D VK_IMAGE_TILING_OPTIMAL VK_IMAGE_USAGE_TRANSFER_DST_BIT supportsExternalMemory? 1 requiresDedicated? 1
VERBOSE | Supported: VK_FORMAT_G8_B8R8_2PLANE_422_UNORM VK_IMAGE_TYPE_2D VK_IMAGE_TILING_LINEAR VK_IMAGE_USAGE_SAMPLED_BIT supportsExternalMemory? 1 requiresDedicated? 0
VERBOSE | Supported: VK_FORMAT_G8_B8R8_2PLANE_422_UNORM VK_IMAGE_TYPE_2D VK_IMAGE_TILING_LINEAR VK_IMAGE_USAGE_TRANSFER_SRC_BIT supportsExternalMemory? 1 requiresDedicated? 0
VERBOSE | Supported: VK_FORMAT_G8_B8R8_2PLANE_422_UNORM VK_IMAGE_TYPE_2D VK_IMAGE_TILING_LINEAR VK_IMAGE_USAGE_TRANSFER_DST_BIT supportsExternalMemory? 1 requiresDedicated? 0
VERBOSE | Supported: VK_FORMAT_G8_B8R8_2PLANE_422_UNORM VK_IMAGE_TYPE_2D VK_IMAGE_TILING_OPTIMAL VK_IMAGE_USAGE_SAMPLED_BIT supportsExternalMemory? 1 requiresDedicated? 1
VERBOSE | Supported: VK_FORMAT_G8_B8R8_2PLANE_422_UNORM VK_IMAGE_TYPE_2D VK_IMAGE_TILING_OPTIMAL VK_IMAGE_USAGE_TRANSFER_SRC_BIT supportsExternalMemory? 1 requiresDedicated? 1
VERBOSE | Supported: VK_FORMAT_G8_B8R8_2PLANE_422_UNORM VK_IMAGE_TYPE_2D VK_IMAGE_TILING_OPTIMAL VK_IMAGE_USAGE_TRANSFER_DST_BIT supportsExternalMemory? 1 requiresDedicated? 1
VERBOSE | Supported: VK_FORMAT_G8_B8_R8_3PLANE_420_UNORM VK_IMAGE_TYPE_2D VK_IMAGE_TILING_LINEAR VK_IMAGE_USAGE_SAMPLED_BIT supportsExternalMemory? 1 requiresDedicated? 0
VERBOSE | Supported: VK_FORMAT_G8_B8_R8_3PLANE_420_UNORM VK_IMAGE_TYPE_2D VK_IMAGE_TILING_LINEAR VK_IMAGE_USAGE_TRANSFER_SRC_BIT supportsExternalMemory? 1 requiresDedicated? 0
VERBOSE | Supported: VK_FORMAT_G8_B8_R8_3PLANE_420_UNORM VK_IMAGE_TYPE_2D VK_IMAGE_TILING_LINEAR VK_IMAGE_USAGE_TRANSFER_DST_BIT supportsExternalMemory? 1 requiresDedicated? 0
VERBOSE | Supported: VK_FORMAT_G8_B8_R8_3PLANE_420_UNORM VK_IMAGE_TYPE_2D VK_IMAGE_TILING_OPTIMAL VK_IMAGE_USAGE_SAMPLED_BIT supportsExternalMemory? 1 requiresDedicated? 1
VERBOSE | Supported: VK_FORMAT_G8_B8_R8_3PLANE_420_UNORM VK_IMAGE_TYPE_2D VK_IMAGE_TILING_OPTIMAL VK_IMAGE_USAGE_TRANSFER_SRC_BIT supportsExternalMemory? 1 requiresDedicated? 1
VERBOSE | Supported: VK_FORMAT_G8_B8_R8_3PLANE_420_UNORM VK_IMAGE_TYPE_2D VK_IMAGE_TILING_OPTIMAL VK_IMAGE_USAGE_TRANSFER_DST_BIT supportsExternalMemory? 1 requiresDedicated? 1
VERBOSE | Supported: VK_FORMAT_G8_B8_R8_3PLANE_422_UNORM VK_IMAGE_TYPE_2D VK_IMAGE_TILING_LINEAR VK_IMAGE_USAGE_SAMPLED_BIT supportsExternalMemory? 1 requiresDedicated? 0
VERBOSE | Supported: VK_FORMAT_G8_B8_R8_3PLANE_422_UNORM VK_IMAGE_TYPE_2D VK_IMAGE_TILING_LINEAR VK_IMAGE_USAGE_TRANSFER_SRC_BIT supportsExternalMemory? 1 requiresDedicated? 0
VERBOSE | Supported: VK_FORMAT_G8_B8_R8_3PLANE_422_UNORM VK_IMAGE_TYPE_2D VK_IMAGE_TILING_LINEAR VK_IMAGE_USAGE_TRANSFER_DST_BIT supportsExternalMemory? 1 requiresDedicated? 0
VERBOSE | Supported: VK_FORMAT_G8_B8_R8_3PLANE_422_UNORM VK_IMAGE_TYPE_2D VK_IMAGE_TILING_OPTIMAL VK_IMAGE_USAGE_SAMPLED_BIT supportsExternalMemory? 1 requiresDedicated? 1
VERBOSE | Supported: VK_FORMAT_G8_B8_R8_3PLANE_422_UNORM VK_IMAGE_TYPE_2D VK_IMAGE_TILING_OPTIMAL VK_IMAGE_USAGE_TRANSFER_SRC_BIT supportsExternalMemory? 1 requiresDedicated? 1
VERBOSE | Supported: VK_FORMAT_G8_B8_R8_3PLANE_422_UNORM VK_IMAGE_TYPE_2D VK_IMAGE_TILING_OPTIMAL VK_IMAGE_USAGE_TRANSFER_DST_BIT supportsExternalMemory? 1 requiresDedicated? 1
VERBOSE | Supported: VK_FORMAT_R8G8_UNORM VK_IMAGE_TYPE_2D VK_IMAGE_TILING_LINEAR VK_IMAGE_USAGE_COLOR_ATTACHMENT_BIT supportsExternalMemory? 1 requiresDedicated? 0
VERBOSE | Supported: VK_FORMAT_R8G8_UNORM VK_IMAGE_TYPE_2D VK_IMAGE_TILING_LINEAR VK_IMAGE_USAGE_INPUT_ATTACHMENT_BIT supportsExternalMemory? 1 requiresDedicated? 0
VERBOSE | Supported: VK_FORMAT_R8G8_UNORM VK_IMAGE_TYPE_2D VK_IMAGE_TILING_LINEAR VK_IMAGE_USAGE_SAMPLED_BIT supportsExternalMemory? 1 requiresDedicated? 0
VERBOSE | Supported: VK_FORMAT_R8G8_UNORM VK_IMAGE_TYPE_2D VK_IMAGE_TILING_LINEAR VK_IMAGE_USAGE_TRANSFER_SRC_BIT supportsExternalMemory? 1 requiresDedicated? 0
VERBOSE | Supported: VK_FORMAT_R8G8_UNORM VK_IMAGE_TYPE_2D VK_IMAGE_TILING_LINEAR VK_IMAGE_USAGE_TRANSFER_DST_BIT supportsExternalMemory? 1 requiresDedicated? 0
VERBOSE | Supported: VK_FORMAT_R8G8_UNORM VK_IMAGE_TYPE_2D VK_IMAGE_TILING_OPTIMAL VK_IMAGE_USAGE_COLOR_ATTACHMENT_BIT supportsExternalMemory? 1 requiresDedicated? 1
VERBOSE | Supported: VK_FORMAT_R8G8_UNORM VK_IMAGE_TYPE_2D VK_IMAGE_TILING_OPTIMAL VK_IMAGE_USAGE_INPUT_ATTACHMENT_BIT supportsExternalMemory? 1 requiresDedicated? 1
VERBOSE | Supported: VK_FORMAT_R8G8_UNORM VK_IMAGE_TYPE_2D VK_IMAGE_TILING_OPTIMAL VK_IMAGE_USAGE_SAMPLED_BIT supportsExternalMemory? 1 requiresDedicated? 1
VERBOSE | Supported: VK_FORMAT_R8G8_UNORM VK_IMAGE_TYPE_2D VK_IMAGE_TILING_OPTIMAL VK_IMAGE_USAGE_TRANSFER_SRC_BIT supportsExternalMemory? 1 requiresDedicated? 1
VERBOSE | Supported: VK_FORMAT_R8G8_UNORM VK_IMAGE_TYPE_2D VK_IMAGE_TILING_OPTIMAL VK_IMAGE_USAGE_TRANSFER_DST_BIT supportsExternalMemory? 1 requiresDedicated? 1
VERBOSE | Vulkan device found: AMD RADV RENOIR
VERBOSE | Version: 1.3.204
VERBOSE | Has graphics queue? 1
VERBOSE | Has external memory support? 1
VERBOSE | Has compute queue? 1
VERBOSE | Vulkan logical device created and extension functions obtained.
VERBOSE | Vulkan device queue obtained.
VERBOSE | Vulkan global emulation state successfully initialized.
VERBOSE | Using deferred Vulkan commands: 1
VERBOSE | Using deferred Vulkan commands: 1
VERBOSE | Enable ASTC LDR emulation: 1
VERBOSE | Setting gl interop support for Vk to: 1
INFO    | Setting vsync to 60 hz
INFO    | Sending adb public key [QAAAAHeYdfO5PqhxCQ2VSjQbbmrSaIohQfnz2cu7S08qBZt5EhcyiCTIPbwiEDZsqMRx/VhNZYodom8pgJxxiPHXQjRPyNQBm69g71ymFo1aiYhCLbehMi5LrpMbvlM2F2NmOVSFLe3RbfIRrzMyp43tPz4pk3HN72/eDv6oLkF7+XWHNBtPt6Kszt0BABrSk/XGZNGbwu6/psvh3EtwyNct2mOdxcGW5X1nKs5yZAKiE3RtfjarIFscG6xPaHk0CitCbHvVlJsLltw1RLTFaqo6o/yoKW9sXI+k2N4QtbhwmaiiISirK79B6ptnYbZJvSwRixtNC+wAb9nLBVEnkctoy8zo8wLB9BI/+Q14NsabojUu9WwWFJpGhcXo9XhkXQe+FELCiaX96Swx/YTms58WIpbvhrxiEtDMLiNXY3dVRr3FyBxEdggKbqWw4tDPe76kMow/6krqC23zCC/ya2arkjaLwVrZmUZrGgDzIQfqPGSO3YJ7CWsEgwPyDeBhu9d9qcYVpbAYoJV4uMQL5JctTvFrDd0pmfMHrZJP2oiHdM/U2yS/toheu3DOG3bPW6NjjFWXzX6QxY1PijFllC5gs9xlAPBr1SF43IZjLVTUL0bwD027uxJesfKUxvJTNrx0EoHh2K1WPkZvXW24Q0vhyHTAhAV446soAMXIV+byWUZdazaIiAEAAQA= astrsm@unknown]
VERBOSE | Found 1 DNS servers:
VERBOSE | 	127.0.0.53
INFO    | Content of hardware configuration file:
INFO    | 	hw.cpu.arch = x86_64
INFO    | 	hw.cpu.ncore = 4
INFO    | 	hw.ramSize = 2048
INFO    | 	hw.screen = multi-touch
INFO    | 	hw.mainKeys = false
INFO    | 	hw.trackBall = false
INFO    | 	hw.keyboard = true
INFO    | 	hw.keyboard.lid = false
INFO    | 	hw.keyboard.charmap = qwerty2
INFO    | 	hw.dPad = false
INFO    | 	hw.rotaryInput = false
INFO    | 	hw.gsmModem = true
INFO    | 	hw.gps = true
INFO    | 	hw.battery = true
INFO    | 	hw.accelerometer = true
INFO    | 	hw.gyroscope = true
INFO    | 	hw.audioInput = true
INFO    | 	hw.audioOutput = true
INFO    | 	hw.sdCard = true
INFO    | 	hw.sdCard.path = /home/astrsm/.android/avd/Pixel_3a_XL_API_33.avd/sdcard.img
INFO    | 	disk.cachePartition = true
INFO    | 	disk.cachePartition.path = /home/astrsm/.android/avd/Pixel_3a_XL_API_33.avd/cache.img
INFO    | 	disk.cachePartition.size = 66m
INFO    | 	test.quitAfterBootTimeOut = -1
INFO    | 	test.delayAdbTillBootComplete = 0
INFO    | 	test.monitorAdb = 0
INFO    | 	hw.lcd.width = 1080
INFO    | 	hw.lcd.height = 2160
INFO    | 	hw.lcd.depth = 16
INFO    | 	hw.lcd.circular = false
INFO    | 	hw.lcd.density = 400
INFO    | 	hw.lcd.backlight = true
INFO    | 	hw.lcd.vsync = 60
INFO    | 	hw.gltransport = pipe
INFO    | 	hw.gltransport.asg.writeBufferSize = 1048576
INFO    | 	hw.gltransport.asg.writeStepSize = 4096
INFO    | 	hw.gltransport.asg.dataRingSize = 32768
INFO    | 	hw.gltransport.drawFlushInterval = 800
INFO    | 	hw.displayRegion.0.1.xOffset = -1
INFO    | 	hw.displayRegion.0.1.yOffset = -1
INFO    | 	hw.displayRegion.0.1.width = 0
INFO    | 	hw.displayRegion.0.1.height = 0
INFO    | 	hw.displayRegion.0.2.xOffset = -1
INFO    | 	hw.displayRegion.0.2.yOffset = -1
INFO    | 	hw.displayRegion.0.2.width = 0
INFO    | 	hw.displayRegion.0.2.height = 0
INFO    | 	hw.displayRegion.0.3.xOffset = -1
INFO    | 	hw.displayRegion.0.3.yOffset = -1
INFO    | 	hw.displayRegion.0.3.width = 0
INFO    | 	hw.displayRegion.0.3.height = 0
INFO    | 	hw.display1.width = 0
INFO    | 	hw.display1.height = 0
INFO    | 	hw.display1.density = 0
INFO    | 	hw.display1.xOffset = -1
INFO    | 	hw.display1.yOffset = -1
INFO    | 	hw.display1.flag = 0
INFO    | 	hw.display2.width = 0
INFO    | 	hw.display2.height = 0
INFO    | 	hw.display2.density = 0
INFO    | 	hw.display2.xOffset = -1
INFO    | 	hw.display2.yOffset = -1
INFO    | 	hw.display2.flag = 0
INFO    | 	hw.display3.width = 0
INFO    | 	hw.display3.height = 0
INFO    | 	hw.display3.density = 0
INFO    | 	hw.display3.xOffset = -1
INFO    | 	hw.display3.yOffset = -1
INFO    | 	hw.display3.flag = 0
INFO    | 	hw.multi_display_window = false
INFO    | 	hw.gpu.enabled = true
INFO    | 	hw.gpu.mode = host
INFO    | 	hw.initialOrientation = Portrait
INFO    | 	hw.camera.back = virtualscene
INFO    | 	hw.camera.front = emulated
INFO    | 	vm.heapSize = 512
INFO    | 	hw.sensors.light = true
INFO    | 	hw.sensors.pressure = true
INFO    | 	hw.sensors.humidity = true
INFO    | 	hw.sensors.proximity = true
INFO    | 	hw.sensors.magnetic_field = true
INFO    | 	hw.sensors.magnetic_field_uncalibrated = true
INFO    | 	hw.sensors.gyroscope_uncalibrated = true
INFO    | 	hw.sensors.orientation = true
INFO    | 	hw.sensors.temperature = true
INFO    | 	hw.sensors.rgbclight = false
INFO    | 	hw.sensor.hinge = false
INFO    | 	hw.sensor.hinge.count = 0
INFO    | 	hw.sensor.hinge.type = 0
INFO    | 	hw.sensor.hinge.sub_type = 0
INFO    | 	hw.sensor.hinge.fold_to_displayRegion.0.1_at_posture = 1
INFO    | 	hw.sensor.roll = false
INFO    | 	hw.sensor.roll.count = 0
INFO    | 	hw.sensor.roll.resize_to_displayRegion.0.1_at_posture = 6
INFO    | 	hw.sensor.roll.resize_to_displayRegion.0.2_at_posture = 6
INFO    | 	hw.sensor.roll.resize_to_displayRegion.0.3_at_posture = 6
INFO    | 	hw.sensors.heart_rate = false
INFO    | 	hw.sensors.wrist_tilt = false
INFO    | 	hw.useext4 = true
INFO    | 	hw.arc = false
INFO    | 	hw.arc.autologin = false
INFO    | 	hw.device.name = pixel_3a_xl
INFO    | 	kernel.path = /home/astrsm/Android/Sdk/system-images/android-33/google_apis/x86_64//kernel-ranchu
INFO    | 	kernel.newDeviceNaming = yes
INFO    | 	kernel.supportsYaffs2 = no
INFO    | 	disk.ramdisk.path = /home/astrsm/Android/Sdk/system-images/android-33/google_apis/x86_64//ramdisk.img
INFO    | 	disk.systemPartition.initPath = /home/astrsm/Android/Sdk/system-images/android-33/google_apis/x86_64//system.img
INFO    | 	disk.systemPartition.size = 4107m
INFO    | 	disk.vendorPartition.initPath = /home/astrsm/Android/Sdk/system-images/android-33/google_apis/x86_64//vendor.img
INFO    | 	disk.vendorPartition.size = 800m
INFO    | 	disk.dataPartition.path = /home/astrsm/.android/avd/Pixel_3a_XL_API_33.avd/userdata-qemu.img
INFO    | 	disk.dataPartition.size = 6g
INFO    | 	disk.encryptionKeyPartition.path = /home/astrsm/.android/avd/Pixel_3a_XL_API_33.avd/encryptionkey.img
INFO    | 	PlayStore.enabled = false
INFO    | 	avd.name = Pixel_3a_XL_API_33
INFO    | 	avd.id = Pixel_3a_XL_API_33
INFO    | 	fastboot.forceColdBoot = false
INFO    | 	android.sdk.root = /home/astrsm/Android/Sdk
INFO    | 	android.avd.home = /home/astrsm/.android/avd
INFO    | .
INFO    | QEMU options list:
INFO    | 	 argv[00] = "/home/astrsm/Android/Sdk/emulator/qemu/linux-x86_64/qemu-system-x86_64"
INFO    | 	 argv[01] = "-read-only"
INFO    | 	 argv[02] = "-dns-server"
INFO    | 	 argv[03] = "127.0.0.53"
INFO    | 	 argv[04] = "-no-audio"
INFO    | 	 argv[05] = "-mem-path"
INFO    | 	 argv[06] = "/home/astrsm/.android/avd/Pixel_3a_XL_API_33.avd/snapshots/default_boot/ram.img"
INFO    | 	 argv[07] = "-serial"
INFO    | 	 argv[08] = "null"
INFO    | 	 argv[09] = "-android-ports"
INFO    | 	 argv[10] = "16892,16893"
INFO    | 	 argv[11] = "-device"
INFO    | 	 argv[12] = "goldfish_pstore,addr=0xff018000,size=0x10000,file=/home/astrsm/.android/avd/Pixel_3a_XL_API_33.avd/data/misc/pstore/pstore.bin"
INFO    | 	 argv[13] = "-cpu"
INFO    | 	 argv[14] = "android64"
INFO    | 	 argv[15] = "-enable-kvm"
INFO    | 	 argv[16] = "-smp"
INFO    | 	 argv[17] = "cores=4"
INFO    | 	 argv[18] = "-m"
INFO    | 	 argv[19] = "2048"
INFO    | 	 argv[20] = "-lcd-density"
INFO    | 	 argv[21] = "400"
INFO    | 	 argv[22] = "-object"
INFO    | 	 argv[23] = "iothread,id=disk-iothread"
INFO    | 	 argv[24] = "-nodefaults"
INFO    | 	 argv[25] = "-kernel"
INFO    | 	 argv[26] = "/home/astrsm/Android/Sdk/system-images/android-33/google_apis/x86_64//kernel-ranchu"
INFO    | 	 argv[27] = "-initrd"
INFO    | 	 argv[28] = "/home/astrsm/.android/avd/Pixel_3a_XL_API_33.avd/initrd"
INFO    | 	 argv[29] = "-drive"
INFO    | 	 argv[30] = "if=none,index=0,id=system,if=none,file=/home/astrsm/Android/Sdk/system-images/android-33/google_apis/x86_64//system.img,read-only"
INFO    | 	 argv[31] = "-device"
INFO    | 	 argv[32] = "virtio-blk-pci,drive=system,iothread=disk-iothread,modern-pio-notify"
INFO    | 	 argv[33] = "-drive"
INFO    | 	 argv[34] = "if=none,index=1,id=cache,if=none,file=/home/astrsm/.android/avd/Pixel_3a_XL_API_33.avd/cache.img.qcow2,overlap-check=none,cache=unsafe,l2-cache-size=1048576"
INFO    | 	 argv[35] = "-device"
INFO    | 	 argv[36] = "virtio-blk-pci,drive=cache,iothread=disk-iothread,modern-pio-notify"
INFO    | 	 argv[37] = "-drive"
INFO    | 	 argv[38] = "if=none,index=2,id=userdata,if=none,file=/home/astrsm/.android/avd/Pixel_3a_XL_API_33.avd/userdata-qemu.img.qcow2,overlap-check=none,cache=unsafe,l2-cache-size=1048576"
INFO    | 	 argv[39] = "-device"
INFO    | 	 argv[40] = "virtio-blk-pci,drive=userdata,iothread=disk-iothread,modern-pio-notify"
INFO    | 	 argv[41] = "-drive"
INFO    | 	 argv[42] = "if=none,index=3,id=encrypt,if=none,file=/home/astrsm/.android/avd/Pixel_3a_XL_API_33.avd/encryptionkey.img.qcow2,overlap-check=none,cache=unsafe,l2-cache-size=1048576"
INFO    | 	 argv[43] = "-device"
INFO    | 	 argv[44] = "virtio-blk-pci,drive=encrypt,iothread=disk-iothread,modern-pio-notify"
INFO    | 	 argv[45] = "-drive"
INFO    | 	 argv[46] = "if=none,index=4,id=vendor,if=none,file=/home/astrsm/Android/Sdk/system-images/android-33/google_apis/x86_64//vendor.img,read-only"
INFO    | 	 argv[47] = "-device"
INFO    | 	 argv[48] = "virtio-blk-pci,drive=vendor,iothread=disk-iothread,modern-pio-notify"
INFO    | 	 argv[49] = "-drive"
INFO    | 	 argv[50] = "if=none,index=5,id=sdcard,if=none,file=/home/astrsm/.android/avd/Pixel_3a_XL_API_33.avd/sdcard.img.qcow2,overlap-check=none,cache=unsafe,l2-cache-size=1048576"
INFO    | 	 argv[51] = "-device"
INFO    | 	 argv[52] = "virtio-blk-pci,drive=sdcard,iothread=disk-iothread,modern-pio-notify"
INFO    | 	 argv[53] = "-netdev"
INFO    | 	 argv[54] = "user,id=mynet"
INFO    | 	 argv[55] = "-device"
INFO    | 	 argv[56] = "virtio-net-pci,netdev=mynet"
INFO    | 	 argv[57] = "-chardev"
INFO    | 	 argv[58] = "null,id=forhvc0"
INFO    | 	 argv[59] = "-chardev"
INFO    | 	 argv[60] = "null,id=forhvc1"
INFO    | 	 argv[61] = "-device"
INFO    | 	 argv[62] = "virtio-serial-pci,ioeventfd=off"
INFO    | 	 argv[63] = "-device"
INFO    | 	 argv[64] = "virtconsole,chardev=forhvc0"
INFO    | 	 argv[65] = "-device"
INFO    | 	 argv[66] = "virtconsole,chardev=forhvc1"
INFO    | 	 argv[67] = "-chardev"
INFO    | 	 argv[68] = "rootcanal,id=rootcanal"
INFO    | 	 argv[69] = "-device"
INFO    | 	 argv[70] = "virtserialport,chardev=rootcanal,name=bluetooth"
INFO    | 	 argv[71] = "-device"
INFO    | 	 argv[72] = "virtio-serial,ioeventfd=off"
INFO    | 	 argv[73] = "-chardev"
INFO    | 	 argv[74] = "socket,port=34767,host=::1,nowait,nodelay,ipv6,id=modem"
INFO    | 	 argv[75] = "-device"
INFO    | 	 argv[76] = "virtserialport,chardev=modem,name=modem"
INFO    | 	 argv[77] = "-device"
INFO    | 	 argv[78] = "virtio-rng-pci"
INFO    | 	 argv[79] = "-show-cursor"
INFO    | 	 argv[80] = "-device"
INFO    | 	 argv[81] = "virtio_input_multi_touch_pci_1"
INFO    | 	 argv[82] = "-device"
INFO    | 	 argv[83] = "virtio_input_multi_touch_pci_2"
INFO    | 	 argv[84] = "-device"
INFO    | 	 argv[85] = "virtio_input_multi_touch_pci_3"
INFO    | 	 argv[86] = "-device"
INFO    | 	 argv[87] = "virtio_input_multi_touch_pci_4"
INFO    | 	 argv[88] = "-device"
INFO    | 	 argv[89] = "virtio_input_multi_touch_pci_5"
INFO    | 	 argv[90] = "-device"
INFO    | 	 argv[91] = "virtio_input_multi_touch_pci_6"
INFO    | 	 argv[92] = "-device"
INFO    | 	 argv[93] = "virtio_input_multi_touch_pci_7"
INFO    | 	 argv[94] = "-device"
INFO    | 	 argv[95] = "virtio_input_multi_touch_pci_8"
INFO    | 	 argv[96] = "-device"
INFO    | 	 argv[97] = "virtio_input_multi_touch_pci_9"
INFO    | 	 argv[98] = "-device"
INFO    | 	 argv[99] = "virtio_input_multi_touch_pci_10"
INFO    | 	 argv[100] = "-device"
INFO    | 	 argv[101] = "virtio_input_multi_touch_pci_11"
INFO    | 	 argv[102] = "-device"
INFO    | 	 argv[103] = "virtio-keyboard-pci"
INFO    | 	 argv[104] = "-netdev"
INFO    | 	 argv[105] = "user,id=virtio-wifi,dhcpstart=10.0.2.16"
INFO    | 	 argv[106] = "-device"
INFO    | 	 argv[107] = "virtio-wifi-pci,netdev=virtio-wifi"
INFO    | 	 argv[108] = "-device"
INFO    | 	 argv[109] = "virtio-vsock-pci,guest-cid=77"
INFO    | 	 argv[110] = "-L"
INFO    | 	 argv[111] = "/home/astrsm/Android/Sdk/emulator/lib/pc-bios"
INFO    | 	 argv[112] = "-soundhw"
INFO    | 	 argv[113] = "virtio-snd-pci"
INFO    | 	 argv[114] = "-vga"
INFO    | 	 argv[115] = "none"
INFO    | 	 argv[116] = "-append"
INFO    | 	 argv[117] = "no_timer_check 8250.nr_uarts=1 clocksource=pit console=0 cma=292M@0-4G loop.max_part=7 ramoops.mem_address=0xff018000 ramoops.mem_size=0x10000 memmap=0x10000$0xff018000 printk.devkmsg=on bootconfig"
INFO    | 	 argv[118] = "-android-hw"
INFO    | 	 argv[119] = "/tmp/android-astrsm/emulator-VBXCqQ"
INFO    | Concatenated QEMU options: /home/astrsm/Android/Sdk/emulator/qemu/linux-x86_64/qemu-system-x86_64 -read-only -dns-server 127.0.0.53 -no-audio -mem-path /home/astrsm/.android/avd/Pixel_3a_XL_API_33.avd/snapshots/default_boot/ram.img -serial null -android-ports 16892,16893 -device goldfish_pstore,addr=0xff018000,size=0x10000,file=/home/astrsm/.android/avd/Pixel_3a_XL_API_33.avd/data/misc/pstore/pstore.bin -cpu android64 -enable-kvm -smp cores=4 -m 2048 -lcd-density 400 -object iothread,id=disk-iothread -nodefaults -kernel /home/astrsm/Android/Sdk/system-images/android-33/google_apis/x86_64//kernel-ranchu -initrd /home/astrsm/.android/avd/Pixel_3a_XL_API_33.avd/initrd -drive if=none,index=0,id=system,if=none,file=/home/astrsm/Android/Sdk/system-images/android-33/google_apis/x86_64//system.img,read-only -device virtio-blk-pci,drive=system,iothread=disk-iothread,modern-pio-notify -drive if=none,index=1,id=cache,if=none,file=/home/astrsm/.android/avd/Pixel_3a_XL_API_33.avd/cache.img.qcow2,overlap-check=none,cache=unsafe,l2-cache-size=1048576 -device virtio-blk-pci,drive=cache,iothread=disk-iothread,modern-pio-notify -drive if=none,index=2,id=userdata,if=none,file=/home/astrsm/.android/avd/Pixel_3a_XL_API_33.avd/userdata-qemu.img.qcow2,overlap-check=none,cache=unsafe,l2-cache-size=1048576 -device virtio-blk-pci,drive=userdata,iothread=disk-iothread,modern-pio-notify -drive if=none,index=3,id=encrypt,if=none,file=/home/astrsm/.android/avd/Pixel_3a_XL_API_33.avd/encryptionkey.img.qcow2,overlap-check=none,cache=unsafe,l2-cache-size=1048576 -device virtio-blk-pci,drive=encrypt,iothread=disk-iothread,modern-pio-notify -drive if=none,index=4,id=vendor,if=none,file=/home/astrsm/Android/Sdk/system-images/android-33/google_apis/x86_64//vendor.img,read-only -device virtio-blk-pci,drive=vendor,iothread=disk-iothread,modern-pio-notify -drive if=none,index=5,id=sdcard,if=none,file=/home/astrsm/.android/avd/Pixel_3a_XL_API_33.avd/sdcard.img.qcow2,overlap-check=none,cache=unsafe,l2-cache-size=1048576 -device virtio-blk-pci,
VERBOSE | Starting hostapd main loop.
VERBOSE | Android qemu version 32.1.12.0 (build_id 9751036) (CL:N/A)
VERBOSE | Starting QEMU main loop
VERBOSE | registered 'boot-properties' qemud service
VERBOSE | Adding boot property: 'ro.opengles.version' = '196609'
VERBOSE | Adding boot property: 'qemu.sf.fake_camera' = 'front'
VERBOSE | Adding boot property: 'dalvik.vm.heapsize' = '512m'
VERBOSE | Adding boot property: 'qemu.hw.mainkeys' = '0'
VERBOSE | Adding boot property: 'qemu.sf.lcd_density' = '400'
VERBOSE | goldfish_events.have-dpad: false
VERBOSE | goldfish_events.have-trackball: false
VERBOSE | goldfish_events.have-camera: true
VERBOSE | goldfish_events.have-keyboard: false
VERBOSE | goldfish_events.have-lidswitch: false
VERBOSE | goldfish_events.have-tabletmode: false
VERBOSE | goldfish_events.have-touch: false
VERBOSE | goldfish_events.have-multitouch: false
VERBOSE | Adding boot property: 'net.wifi_mac_prefix' = '16892'
WARNING | Requested adb port (16893) is outside the recommended range [5555,5586]. ADB may not function properly for the emulator. See -help-port for details.
VERBOSE | Not using any http proxy
VERBOSE | Adding boot property: 'qemu.timezone' = 'Asia/Jakarta'
VERBOSE | android_hw_fingerprint_init: fingerprint qemud listen service initialized
VERBOSE | emulator_window_fb_rotate
INFO    | Setting display: 0 configuration to: 1080x2160, dpi: 400x400 
VERBOSE | config multidisplay with config.ini 0x0 0x0 0x0
VERBOSE | No acpi ini file provided, using default
VERBOSE | Adding boot property: 'ro.opengles.version' = '196609'
VERBOSE | Adding boot property: 'qemu.sf.fake_camera' = 'front'
VERBOSE | Adding boot property: 'dalvik.vm.heapsize' = '512m'
VERBOSE | Adding boot property: 'qemu.hw.mainkeys' = '0'
VERBOSE | Adding boot property: 'qemu.sf.lcd_density' = '400'
VERBOSE | Adding boot property: 'net.wifi_mac_prefix' = '5554'
VERBOSE | Adding boot property: 'qemu.timezone' = 'Asia/Jakarta'
VERBOSE | Path:/home/astrsm/Android/Sdk/platform-tools/adb protocol version: 41
VERBOSE | Path:/home/astrsm/Android/Sdk/platform-tools/adb protocol version: 41
VERBOSE | Path:/usr/bin/adb protocol version: 41
VERBOSE | Found: 3 adb executables
VERBOSE | Adb: /home/astrsm/Android/Sdk/platform-tools/adb
VERBOSE | Adb: /home/astrsm/Android/Sdk/platform-tools/adb
VERBOSE | Adb: /usr/bin/adb
VERBOSE | Path:/home/astrsm/Android/Sdk/platform-tools/adb protocol version: 41
VERBOSE | Path:/home/astrsm/Android/Sdk/platform-tools/adb protocol version: 41
VERBOSE | Path:/usr/bin/adb protocol version: 41
VERBOSE | _hwFingerprint_connect: connect finger print listen is called
